<?xml version="1.0" encoding="UTF-8"?>
<!-- Generated by org.testng.reporters.JUnitReportReporter -->
<testsuite hostname="GauravPC" failures="0" tests="1" name="test.LoginTest" time="13.535" errors="0" timestamp="18 May 2019 03:57:05 GMT" skipped="0">
  <testcase classname="test.LoginTest" name="login" time="13.535"/>
</testsuite> <!-- test.LoginTest -->
