<?xml version="1.0" encoding="UTF-8"?>
<!-- Generated by org.testng.reporters.JUnitReportReporter -->
<testsuite hostname="GauravPC" failures="0" tests="1" name="test.AddContactTest" time="14.883" errors="0" timestamp="18 May 2019 04:03:08 GMT" skipped="0">
  <testcase classname="test.AddContactTest" name="AddContact" time="14.883"/>
</testsuite> <!-- test.AddContactTest -->
